<?xml version="1.0" encoding="UTF-8"?>
<!-- Generated by org.testng.reporters.JUnitXMLReporter -->
<testsuite hostname="DESKTOP-762U0O7" ignored="0" name="Test" tests="6" failures="2" timestamp="2021-12-26T16:51:04 IST" time="0.122" errors="0">
  <testcase name="testcase4" time="0.021" classname="suit.Test2">
    <failure type="java.lang.AssertionError" message="null">
      <![CDATA[java.lang.AssertionError: null
at suit.Test2.testcase4(Test2.java:11)
at java.util.ArrayList.forEach(Unknown Source)
... Removed 29 stack frames]]>
    </failure>
  </testcase> <!-- testcase4 -->
  <testcase name="testcase5" time="0.003" classname="suit.Test2"/>
  <testcase name="testcase6" time="0.002" classname="suit.Test2"/>
  <testcase name="testcase1" time="0.002" classname="suit.Test1"/>
  <testcase name="testcase2" time="0.002" classname="suit.Test1">
    <failure type="java.lang.AssertionError" message="null">
      <![CDATA[java.lang.AssertionError: null
at suit.Test1.testcase2(Test1.java:15)
at java.util.ArrayList.forEach(Unknown Source)
... Removed 29 stack frames]]>
    </failure>
  </testcase> <!-- testcase2 -->
  <testcase name="testcase3" time="0.002" classname="suit.Test1"/>
</testsuite> <!-- Test -->
