<?xml version="1.0" encoding="UTF-8"?>
<!-- Generated by org.testng.reporters.JUnitXMLReporter -->
<testsuite hostname="DESKTOP-762U0O7" ignored="1" name="Test" tests="5" failures="1" timestamp="2021-12-26T16:28:08 IST" time="0.122" errors="0">
  <testcase name="testcase4" time="0.02" classname="suit.Test2">
    <failure type="java.lang.AssertionError" message="null">
      <![CDATA[java.lang.AssertionError: null
at suit.Test2.testcase4(Test2.java:11)
at java.util.ArrayList.forEach(Unknown Source)
... Removed 29 stack frames]]>
    </failure>
  </testcase> <!-- testcase4 -->
  <testcase name="testcase5" time="0.002" classname="suit.Test2"/>
  <testcase name="testcase6" time="0.002" classname="suit.Test2"/>
  <testcase name="testcase1" time="0.002" classname="suit.Test1"/>
  <testcase name="testcase3" time="0.006" classname="suit.Test1"/>
  <testcase name="testcase2" time="0.0" classname="suit.Test1">
    <ignored/>
  </testcase> <!-- testcase2 -->
</testsuite> <!-- Test -->
