<?xml version="1.0" encoding="UTF-8"?>
<!-- Generated by org.testng.reporters.JUnitXMLReporter -->
<testsuite hostname="DESKTOP-762U0O7" ignored="1" name="Test" tests="5" failures="1" timestamp="2021-12-28T11:34:06 IST" time="0.107" errors="0">
  <testcase name="a1" time="0.012" classname="suit.Groups_intestng"/>
  <testcase name="a2" time="0.003" classname="suit.Groups_intestng"/>
  <testcase name="a3" time="0.014" classname="suit.Groups_intestng"/>
  <testcase name="a4" time="0.004" classname="suit.Groups_intestng"/>
  <testcase name="a5" time="0.006" classname="suit.Groups_intestng">
    <failure type="java.lang.AssertionError" message="null">
      <![CDATA[java.lang.AssertionError: null
at suit.Groups_intestng.a5(Groups_intestng.java:32)
at java.util.ArrayList.forEach(Unknown Source)
... Removed 29 stack frames]]>
    </failure>
  </testcase> <!-- a5 -->
  <testcase name="a6" time="0.0" classname="suit.Groups_intestng">
    <ignored/>
  </testcase> <!-- a6 -->
</testsuite> <!-- Test -->
