<?xml version="1.0" encoding="UTF-8"?>
<testng-results skipped="0" failed="1" ignored="0" total="3" passed="2">
  <reporter-output>
    <line>
      <![CDATA[test ng logout first time]]>
    </line>
    <line>
      <![CDATA[test ng log first time]]>
    </line>
    <line>
      <![CDATA[test ng login first time]]>
    </line>
  </reporter-output>
  <suite name="Default suite" duration-ms="1144" started-at="2022-02-13T11:36:53 IST" finished-at="2022-02-13T11:36:54 IST">
    <groups>
    </groups>
    <test name="Default test" duration-ms="1144" started-at="2022-02-13T11:36:53 IST" finished-at="2022-02-13T11:36:54 IST">
      <class name="testng1test.Keyword_testng">
        <test-method status="PASS" signature="logout()[pri:-4, instance:testng1test.Keyword_testng@5f282abb]" name="logout" duration-ms="12" started-at="2022-02-13T11:36:53 IST" finished-at="2022-02-13T11:36:53 IST">
          <reporter-output>
            <line>
              <![CDATA[test ng logout first time]]>
            </line>
          </reporter-output>
        </test-method> <!-- logout -->
        <test-method status="FAIL" signature="log()[pri:0, instance:testng1test.Keyword_testng@5f282abb]" name="log" duration-ms="1013" started-at="2022-02-13T11:36:53 IST" finished-at="2022-02-13T11:36:54 IST">
          <exception class="org.testng.internal.thread.ThreadTimeoutException">
            <message>
              <![CDATA[Method testng1test.Keyword_testng.log() didn't finish within the time-out 1000]]>
            </message>
            <full-stacktrace>
              <![CDATA[org.testng.internal.thread.ThreadTimeoutException: Method testng1test.Keyword_testng.log() didn't finish within the time-out 1000
at org.testng.internal.MethodInvocationHelper.invokeWithTimeoutWithNewExecutor(MethodInvocationHelper.java:384)
at org.testng.internal.MethodInvocationHelper.invokeWithTimeout(MethodInvocationHelper.java:283)
at org.testng.internal.TestInvoker.invokeMethod(TestInvoker.java:604)
at org.testng.internal.TestInvoker.invokeTestMethod(TestInvoker.java:173)
at org.testng.internal.MethodRunner.runInSequence(MethodRunner.java:46)
at org.testng.internal.TestInvoker$MethodInvocationAgent.invoke(TestInvoker.java:824)
at org.testng.internal.TestInvoker.invokeTestMethods(TestInvoker.java:146)
at org.testng.internal.TestMethodWorker.invokeTestMethods(TestMethodWorker.java:146)
at org.testng.internal.TestMethodWorker.run(TestMethodWorker.java:128)
at java.util.ArrayList.forEach(Unknown Source)
at org.testng.TestRunner.privateRun(TestRunner.java:794)
at org.testng.TestRunner.run(TestRunner.java:596)
at org.testng.SuiteRunner.runTest(SuiteRunner.java:377)
at org.testng.SuiteRunner.runSequentially(SuiteRunner.java:371)
at org.testng.SuiteRunner.privateRun(SuiteRunner.java:332)
at org.testng.SuiteRunner.run(SuiteRunner.java:276)
at org.testng.SuiteRunnerWorker.runSuite(SuiteRunnerWorker.java:53)
at org.testng.SuiteRunnerWorker.run(SuiteRunnerWorker.java:96)
at org.testng.TestNG.runSuitesSequentially(TestNG.java:1212)
at org.testng.TestNG.runSuitesLocally(TestNG.java:1134)
at org.testng.TestNG.runSuites(TestNG.java:1063)
at org.testng.TestNG.run(TestNG.java:1031)
at org.testng.remote.AbstractRemoteTestNG.run(AbstractRemoteTestNG.java:115)
at org.testng.remote.RemoteTestNG.initAndRun(RemoteTestNG.java:251)
at org.testng.remote.RemoteTestNG.main(RemoteTestNG.java:77)
]]>
            </full-stacktrace>
          </exception> <!-- org.testng.internal.thread.ThreadTimeoutException -->
          <reporter-output>
            <line>
              <![CDATA[test ng log first time]]>
            </line>
          </reporter-output>
        </test-method> <!-- log -->
        <test-method status="PASS" signature="login()[pri:0, instance:testng1test.Keyword_testng@5f282abb]" name="login" duration-ms="10" started-at="2022-02-13T11:36:54 IST" depends-on-methods="testng1test.Keyword_testng.logout" finished-at="2022-02-13T11:36:54 IST">
          <reporter-output>
            <line>
              <![CDATA[test ng login first time]]>
            </line>
          </reporter-output>
        </test-method> <!-- login -->
      </class> <!-- testng1test.Keyword_testng -->
    </test> <!-- Default test -->
  </suite> <!-- Default suite -->
</testng-results>
